<?xml version="1.0" encoding="UTF-8"?>
<testsuite xmlns:xsi="http://www.w3.org/2001/XMLSchema-instance" xsi:noNamespaceSchemaLocation="https://maven.apache.org/surefire/maven-surefire-plugin/xsd/surefire-test-report-3.0.xsd" version="3.0" name="TestSuite" time="29.087" tests="7" errors="0" skipped="0" failures="1">
  <properties>
    <property name="java.specification.version" value="21"/>
    <property name="sun.jnu.encoding" value="UTF-8"/>
    <property name="java.class.path" value="/Users/abhishekanand/eclipse-workspace/Automation/target/test-classes:/Users/abhishekanand/eclipse-workspace/Automation/target/classes:/Users/abhishekanand/.m2/repository/org/seleniumhq/selenium/selenium-java/4.20.0/selenium-java-4.20.0.jar:/Users/abhishekanand/.m2/repository/org/seleniumhq/selenium/selenium-api/4.20.0/selenium-api-4.20.0.jar:/Users/abhishekanand/.m2/repository/org/seleniumhq/selenium/selenium-chrome-driver/4.20.0/selenium-chrome-driver-4.20.0.jar:/Users/abhishekanand/.m2/repository/com/google/auto/service/auto-service-annotations/1.1.1/auto-service-annotations-1.1.1.jar:/Users/abhishekanand/.m2/repository/org/seleniumhq/selenium/selenium-chromium-driver/4.20.0/selenium-chromium-driver-4.20.0.jar:/Users/abhishekanand/.m2/repository/org/seleniumhq/selenium/selenium-json/4.20.0/selenium-json-4.20.0.jar:/Users/abhishekanand/.m2/repository/org/seleniumhq/selenium/selenium-manager/4.20.0/selenium-manager-4.20.0.jar:/Users/abhishekanand/.m2/repository/org/seleniumhq/selenium/selenium-devtools-v122/4.20.0/selenium-devtools-v122-4.20.0.jar:/Users/abhishekanand/.m2/repository/org/seleniumhq/selenium/selenium-devtools-v123/4.20.0/selenium-devtools-v123-4.20.0.jar:/Users/abhishekanand/.m2/repository/org/seleniumhq/selenium/selenium-devtools-v124/4.20.0/selenium-devtools-v124-4.20.0.jar:/Users/abhishekanand/.m2/repository/org/seleniumhq/selenium/selenium-devtools-v85/4.20.0/selenium-devtools-v85-4.20.0.jar:/Users/abhishekanand/.m2/repository/org/seleniumhq/selenium/selenium-edge-driver/4.20.0/selenium-edge-driver-4.20.0.jar:/Users/abhishekanand/.m2/repository/org/seleniumhq/selenium/selenium-firefox-driver/4.20.0/selenium-firefox-driver-4.20.0.jar:/Users/abhishekanand/.m2/repository/org/seleniumhq/selenium/selenium-http/4.20.0/selenium-http-4.20.0.jar:/Users/abhishekanand/.m2/repository/dev/failsafe/failsafe/3.3.2/failsafe-3.3.2.jar:/Users/abhishekanand/.m2/repository/org/seleniumhq/selenium/selenium-ie-driver/4.20.0/selenium-ie-driver-4.20.0.jar:/Users/abhishekanand/.m2/repository/org/seleniumhq/selenium/selenium-remote-driver/4.20.0/selenium-remote-driver-4.20.0.jar:/Users/abhishekanand/.m2/repository/com/google/guava/guava/33.1.0-jre/guava-33.1.0-jre.jar:/Users/abhishekanand/.m2/repository/com/google/guava/failureaccess/1.0.2/failureaccess-1.0.2.jar:/Users/abhishekanand/.m2/repository/com/google/guava/listenablefuture/9999.0-empty-to-avoid-conflict-with-guava/listenablefuture-9999.0-empty-to-avoid-conflict-with-guava.jar:/Users/abhishekanand/.m2/repository/com/google/code/findbugs/jsr305/3.0.2/jsr305-3.0.2.jar:/Users/abhishekanand/.m2/repository/org/checkerframework/checker-qual/3.42.0/checker-qual-3.42.0.jar:/Users/abhishekanand/.m2/repository/com/google/errorprone/error_prone_annotations/2.26.1/error_prone_annotations-2.26.1.jar:/Users/abhishekanand/.m2/repository/com/google/j2objc/j2objc-annotations/3.0.0/j2objc-annotations-3.0.0.jar:/Users/abhishekanand/.m2/repository/io/opentelemetry/semconv/opentelemetry-semconv/1.25.0-alpha/opentelemetry-semconv-1.25.0-alpha.jar:/Users/abhishekanand/.m2/repository/io/opentelemetry/opentelemetry-api/1.37.0/opentelemetry-api-1.37.0.jar:/Users/abhishekanand/.m2/repository/io/opentelemetry/opentelemetry-context/1.37.0/opentelemetry-context-1.37.0.jar:/Users/abhishekanand/.m2/repository/io/opentelemetry/opentelemetry-exporter-logging/1.37.0/opentelemetry-exporter-logging-1.37.0.jar:/Users/abhishekanand/.m2/repository/io/opentelemetry/opentelemetry-sdk-common/1.37.0/opentelemetry-sdk-common-1.37.0.jar:/Users/abhishekanand/.m2/repository/io/opentelemetry/opentelemetry-sdk-extension-autoconfigure-spi/1.37.0/opentelemetry-sdk-extension-autoconfigure-spi-1.37.0.jar:/Users/abhishekanand/.m2/repository/io/opentelemetry/opentelemetry-sdk-extension-autoconfigure/1.37.0/opentelemetry-sdk-extension-autoconfigure-1.37.0.jar:/Users/abhishekanand/.m2/repository/io/opentelemetry/opentelemetry-api-incubator/1.37.0-alpha/opentelemetry-api-incubator-1.37.0-alpha.jar:/Users/abhishekanand/.m2/repository/io/opentelemetry/opentelemetry-sdk-trace/1.37.0/opentelemetry-sdk-trace-1.37.0.jar:/Users/abhishekanand/.m2/repository/io/opentelemetry/opentelemetry-sdk/1.37.0/opentelemetry-sdk-1.37.0.jar:/Users/abhishekanand/.m2/repository/io/opentelemetry/opentelemetry-sdk-metrics/1.37.0/opentelemetry-sdk-metrics-1.37.0.jar:/Users/abhishekanand/.m2/repository/io/opentelemetry/opentelemetry-sdk-logs/1.37.0/opentelemetry-sdk-logs-1.37.0.jar:/Users/abhishekanand/.m2/repository/net/bytebuddy/byte-buddy/1.14.14/byte-buddy-1.14.14.jar:/Users/abhishekanand/.m2/repository/org/seleniumhq/selenium/selenium-os/4.20.0/selenium-os-4.20.0.jar:/Users/abhishekanand/.m2/repository/org/apache/commons/commons-exec/1.4.0/commons-exec-1.4.0.jar:/Users/abhishekanand/.m2/repository/org/seleniumhq/selenium/selenium-safari-driver/4.20.0/selenium-safari-driver-4.20.0.jar:/Users/abhishekanand/.m2/repository/org/seleniumhq/selenium/selenium-support/4.20.0/selenium-support-4.20.0.jar:/Users/abhishekanand/.m2/repository/commons-io/commons-io/2.16.1/commons-io-2.16.1.jar:/Users/abhishekanand/.m2/repository/com/aventstack/extentreports/5.1.1/extentreports-5.1.1.jar:/Users/abhishekanand/.m2/repository/io/reactivex/rxjava3/rxjava/3.1.6/rxjava-3.1.6.jar:/Users/abhishekanand/.m2/repository/org/reactivestreams/reactive-streams/1.0.4/reactive-streams-1.0.4.jar:/Users/abhishekanand/.m2/repository/org/freemarker/freemarker/2.3.32/freemarker-2.3.32.jar:/Users/abhishekanand/.m2/repository/org/projectlombok/lombok/1.18.26/lombok-1.18.26.jar:/Users/abhishekanand/.m2/repository/com/google/code/gson/gson/2.10.1/gson-2.10.1.jar:/Users/abhishekanand/.m2/repository/io/cucumber/cucumber-java/7.17.0/cucumber-java-7.17.0.jar:/Users/abhishekanand/.m2/repository/io/cucumber/cucumber-core/7.17.0/cucumber-core-7.17.0.jar:/Users/abhishekanand/.m2/repository/io/cucumber/cucumber-gherkin/7.17.0/cucumber-gherkin-7.17.0.jar:/Users/abhishekanand/.m2/repository/io/cucumber/cucumber-gherkin-messages/7.17.0/cucumber-gherkin-messages-7.17.0.jar:/Users/abhishekanand/.m2/repository/io/cucumber/gherkin/28.0.0/gherkin-28.0.0.jar:/Users/abhishekanand/.m2/repository/io/cucumber/messages/24.1.0/messages-24.1.0.jar:/Users/abhishekanand/.m2/repository/io/cucumber/testng-xml-formatter/0.1.0/testng-xml-formatter-0.1.0.jar:/Users/abhishekanand/.m2/repository/io/cucumber/query/12.1.2/query-12.1.2.jar:/Users/abhishekanand/.m2/repository/io/cucumber/tag-expressions/6.1.0/tag-expressions-6.1.0.jar:/Users/abhishekanand/.m2/repository/io/cucumber/cucumber-expressions/17.1.0/cucumber-expressions-17.1.0.jar:/Users/abhishekanand/.m2/repository/io/cucumber/datatable/7.17.0/datatable-7.17.0.jar:/Users/abhishekanand/.m2/repository/io/cucumber/cucumber-plugin/7.17.0/cucumber-plugin-7.17.0.jar:/Users/abhishekanand/.m2/repository/io/cucumber/docstring/7.17.0/docstring-7.17.0.jar:/Users/abhishekanand/.m2/repository/io/cucumber/html-formatter/21.3.1/html-formatter-21.3.1.jar:/Users/abhishekanand/.m2/repository/io/cucumber/junit-xml-formatter/0.4.0/junit-xml-formatter-0.4.0.jar:/Users/abhishekanand/.m2/repository/io/cucumber/ci-environment/10.0.1/ci-environment-10.0.1.jar:/Users/abhishekanand/.m2/repository/org/apiguardian/apiguardian-api/1.1.2/apiguardian-api-1.1.2.jar:/Users/abhishekanand/.m2/repository/io/cucumber/cucumber-testng/7.17.0/cucumber-testng-7.17.0.jar:/Users/abhishekanand/.m2/repository/org/testng/testng/7.10.1/testng-7.10.1.jar:/Users/abhishekanand/.m2/repository/org/slf4j/slf4j-api/1.7.36/slf4j-api-1.7.36.jar:/Users/abhishekanand/.m2/repository/com/beust/jcommander/1.82/jcommander-1.82.jar:/Users/abhishekanand/.m2/repository/org/webjars/jquery/3.7.1/jquery-3.7.1.jar:/Users/abhishekanand/.m2/repository/io/cucumber/cucumber-junit/7.17.0/cucumber-junit-7.17.0.jar:/Users/abhishekanand/.m2/repository/junit/junit/4.13.2/junit-4.13.2.jar:/Users/abhishekanand/.m2/repository/org/hamcrest/hamcrest-core/1.3/hamcrest-core-1.3.jar:/Users/abhishekanand/.m2/repository/io/cucumber/cucumber-picocontainer/7.17.0/cucumber-picocontainer-7.17.0.jar:/Users/abhishekanand/.m2/repository/org/picocontainer/picocontainer/2.15/picocontainer-2.15.jar:/Users/abhishekanand/.m2/repository/tech/grasshopper/extentreports-cucumber7-adapter/1.14.0/extentreports-cucumber7-adapter-1.14.0.jar:/Users/abhishekanand/.m2/repository/tech/grasshopper/extent-pdf-report/2.12.0/extent-pdf-report-2.12.0.jar:/Users/abhishekanand/.m2/repository/tech/grasshopper/cucumber-pdf-report/2.14.0/cucumber-pdf-report-2.14.0.jar:/Users/abhishekanand/.m2/repository/org/apache/pdfbox/pdfbox/2.0.26/pdfbox-2.0.26.jar:/Users/abhishekanand/.m2/repository/org/apache/pdfbox/fontbox/2.0.26/fontbox-2.0.26.jar:/Users/abhishekanand/.m2/repository/org/knowm/xchart/xchart/3.8.0/xchart-3.8.0.jar:/Users/abhishekanand/.m2/repository/de/erichseifert/vectorgraphics2d/VectorGraphics2D/0.13/VectorGraphics2D-0.13.jar:/Users/abhishekanand/.m2/repository/de/rototor/pdfbox/graphics2d/0.30/graphics2d-0.30.jar:/Users/abhishekanand/.m2/repository/com/madgag/animated-gif-lib/1.4/animated-gif-lib-1.4.jar:/Users/abhishekanand/.m2/repository/org/yaml/snakeyaml/2.0/snakeyaml-2.0.jar:/Users/abhishekanand/.m2/repository/tech/grasshopper/table-layout/1.5.1/table-layout-1.5.1.jar:/Users/abhishekanand/.m2/repository/tech/grasshopper/rest-assured-cucumber-pdf-report/1.5.0/rest-assured-cucumber-pdf-report-1.5.0.jar:/Users/abhishekanand/.m2/repository/org/jsoup/jsoup/1.15.3/jsoup-1.15.3.jar:/Users/abhishekanand/.m2/repository/com/aventstack/klov-reporter/5.1.0/klov-reporter-5.1.0.jar:/Users/abhishekanand/.m2/repository/org/mongodb/mongodb-driver/3.6.4/mongodb-driver-3.6.4.jar:/Users/abhishekanand/.m2/repository/org/mongodb/mongodb-driver-core/3.6.4/mongodb-driver-core-3.6.4.jar:/Users/abhishekanand/.m2/repository/org/mongodb/bson/3.6.4/bson-3.6.4.jar:/Users/abhishekanand/.m2/repository/org/apache/httpcomponents/httpclient/4.5.13/httpclient-4.5.13.jar:/Users/abhishekanand/.m2/repository/org/apache/httpcomponents/httpcore/4.4.13/httpcore-4.4.13.jar:/Users/abhishekanand/.m2/repository/commons-logging/commons-logging/1.2/commons-logging-1.2.jar:/Users/abhishekanand/.m2/repository/commons-codec/commons-codec/1.11/commons-codec-1.11.jar:/Users/abhishekanand/.m2/repository/org/apache/httpcomponents/httpmime/4.5.13/httpmime-4.5.13.jar:/Users/abhishekanand/.m2/repository/tech/grasshopper/htmlextentreporter/1.1.0/htmlextentreporter-1.1.0.jar:/Users/abhishekanand/.m2/repository/tech/grasshopper/extent-excel-report/1.4.0/extent-excel-report-1.4.0.jar:/Users/abhishekanand/.m2/repository/org/apache/poi/poi/5.2.3/poi-5.2.3.jar:/Users/abhishekanand/.m2/repository/org/apache/commons/commons-collections4/4.4/commons-collections4-4.4.jar:/Users/abhishekanand/.m2/repository/org/apache/commons/commons-math3/3.6.1/commons-math3-3.6.1.jar:/Users/abhishekanand/.m2/repository/com/zaxxer/SparseBitSet/1.2/SparseBitSet-1.2.jar:/Users/abhishekanand/.m2/repository/org/apache/logging/log4j/log4j-api/2.18.0/log4j-api-2.18.0.jar:/Users/abhishekanand/.m2/repository/org/apache/poi/poi-ooxml/5.2.3/poi-ooxml-5.2.3.jar:/Users/abhishekanand/.m2/repository/org/apache/poi/poi-ooxml-lite/5.2.3/poi-ooxml-lite-5.2.3.jar:/Users/abhishekanand/.m2/repository/org/apache/xmlbeans/xmlbeans/5.1.1/xmlbeans-5.1.1.jar:/Users/abhishekanand/.m2/repository/org/apache/commons/commons-compress/1.21/commons-compress-1.21.jar:/Users/abhishekanand/.m2/repository/com/github/virtuald/curvesapi/1.07/curvesapi-1.07.jar:"/>
    <property name="java.vm.vendor" value="Oracle Corporation"/>
    <property name="sun.arch.data.model" value="64"/>
    <property name="java.vendor.url" value="https://java.oracle.com/"/>
    <property name="user.timezone" value="Asia/Kolkata"/>
    <property name="os.name" value="Mac OS X"/>
    <property name="java.vm.specification.version" value="21"/>
    <property name="sun.java.launcher" value="SUN_STANDARD"/>
    <property name="user.country" value="GB"/>
    <property name="sun.boot.library.path" value="/Library/Java/JavaVirtualMachines/jdk-21.jdk/Contents/Home/lib"/>
    <property name="sun.java.command" value="/Users/abhishekanand/eclipse-workspace/Automation/target/surefire/surefirebooter-20240514182821556_3.jar /Users/abhishekanand/eclipse-workspace/Automation/target/surefire 2024-05-14T18-28-21_518-jvmRun1 surefire-20240514182821556_1tmp surefire_0-20240514182821556_2tmp"/>
    <property name="http.nonProxyHosts" value="local|*.local|169.254/16|*.169.254/16"/>
    <property name="jdk.debug" value="release"/>
    <property name="surefire.test.class.path" value="/Users/abhishekanand/eclipse-workspace/Automation/target/test-classes:/Users/abhishekanand/eclipse-workspace/Automation/target/classes:/Users/abhishekanand/.m2/repository/org/seleniumhq/selenium/selenium-java/4.20.0/selenium-java-4.20.0.jar:/Users/abhishekanand/.m2/repository/org/seleniumhq/selenium/selenium-api/4.20.0/selenium-api-4.20.0.jar:/Users/abhishekanand/.m2/repository/org/seleniumhq/selenium/selenium-chrome-driver/4.20.0/selenium-chrome-driver-4.20.0.jar:/Users/abhishekanand/.m2/repository/com/google/auto/service/auto-service-annotations/1.1.1/auto-service-annotations-1.1.1.jar:/Users/abhishekanand/.m2/repository/org/seleniumhq/selenium/selenium-chromium-driver/4.20.0/selenium-chromium-driver-4.20.0.jar:/Users/abhishekanand/.m2/repository/org/seleniumhq/selenium/selenium-json/4.20.0/selenium-json-4.20.0.jar:/Users/abhishekanand/.m2/repository/org/seleniumhq/selenium/selenium-manager/4.20.0/selenium-manager-4.20.0.jar:/Users/abhishekanand/.m2/repository/org/seleniumhq/selenium/selenium-devtools-v122/4.20.0/selenium-devtools-v122-4.20.0.jar:/Users/abhishekanand/.m2/repository/org/seleniumhq/selenium/selenium-devtools-v123/4.20.0/selenium-devtools-v123-4.20.0.jar:/Users/abhishekanand/.m2/repository/org/seleniumhq/selenium/selenium-devtools-v124/4.20.0/selenium-devtools-v124-4.20.0.jar:/Users/abhishekanand/.m2/repository/org/seleniumhq/selenium/selenium-devtools-v85/4.20.0/selenium-devtools-v85-4.20.0.jar:/Users/abhishekanand/.m2/repository/org/seleniumhq/selenium/selenium-edge-driver/4.20.0/selenium-edge-driver-4.20.0.jar:/Users/abhishekanand/.m2/repository/org/seleniumhq/selenium/selenium-firefox-driver/4.20.0/selenium-firefox-driver-4.20.0.jar:/Users/abhishekanand/.m2/repository/org/seleniumhq/selenium/selenium-http/4.20.0/selenium-http-4.20.0.jar:/Users/abhishekanand/.m2/repository/dev/failsafe/failsafe/3.3.2/failsafe-3.3.2.jar:/Users/abhishekanand/.m2/repository/org/seleniumhq/selenium/selenium-ie-driver/4.20.0/selenium-ie-driver-4.20.0.jar:/Users/abhishekanand/.m2/repository/org/seleniumhq/selenium/selenium-remote-driver/4.20.0/selenium-remote-driver-4.20.0.jar:/Users/abhishekanand/.m2/repository/com/google/guava/guava/33.1.0-jre/guava-33.1.0-jre.jar:/Users/abhishekanand/.m2/repository/com/google/guava/failureaccess/1.0.2/failureaccess-1.0.2.jar:/Users/abhishekanand/.m2/repository/com/google/guava/listenablefuture/9999.0-empty-to-avoid-conflict-with-guava/listenablefuture-9999.0-empty-to-avoid-conflict-with-guava.jar:/Users/abhishekanand/.m2/repository/com/google/code/findbugs/jsr305/3.0.2/jsr305-3.0.2.jar:/Users/abhishekanand/.m2/repository/org/checkerframework/checker-qual/3.42.0/checker-qual-3.42.0.jar:/Users/abhishekanand/.m2/repository/com/google/errorprone/error_prone_annotations/2.26.1/error_prone_annotations-2.26.1.jar:/Users/abhishekanand/.m2/repository/com/google/j2objc/j2objc-annotations/3.0.0/j2objc-annotations-3.0.0.jar:/Users/abhishekanand/.m2/repository/io/opentelemetry/semconv/opentelemetry-semconv/1.25.0-alpha/opentelemetry-semconv-1.25.0-alpha.jar:/Users/abhishekanand/.m2/repository/io/opentelemetry/opentelemetry-api/1.37.0/opentelemetry-api-1.37.0.jar:/Users/abhishekanand/.m2/repository/io/opentelemetry/opentelemetry-context/1.37.0/opentelemetry-context-1.37.0.jar:/Users/abhishekanand/.m2/repository/io/opentelemetry/opentelemetry-exporter-logging/1.37.0/opentelemetry-exporter-logging-1.37.0.jar:/Users/abhishekanand/.m2/repository/io/opentelemetry/opentelemetry-sdk-common/1.37.0/opentelemetry-sdk-common-1.37.0.jar:/Users/abhishekanand/.m2/repository/io/opentelemetry/opentelemetry-sdk-extension-autoconfigure-spi/1.37.0/opentelemetry-sdk-extension-autoconfigure-spi-1.37.0.jar:/Users/abhishekanand/.m2/repository/io/opentelemetry/opentelemetry-sdk-extension-autoconfigure/1.37.0/opentelemetry-sdk-extension-autoconfigure-1.37.0.jar:/Users/abhishekanand/.m2/repository/io/opentelemetry/opentelemetry-api-incubator/1.37.0-alpha/opentelemetry-api-incubator-1.37.0-alpha.jar:/Users/abhishekanand/.m2/repository/io/opentelemetry/opentelemetry-sdk-trace/1.37.0/opentelemetry-sdk-trace-1.37.0.jar:/Users/abhishekanand/.m2/repository/io/opentelemetry/opentelemetry-sdk/1.37.0/opentelemetry-sdk-1.37.0.jar:/Users/abhishekanand/.m2/repository/io/opentelemetry/opentelemetry-sdk-metrics/1.37.0/opentelemetry-sdk-metrics-1.37.0.jar:/Users/abhishekanand/.m2/repository/io/opentelemetry/opentelemetry-sdk-logs/1.37.0/opentelemetry-sdk-logs-1.37.0.jar:/Users/abhishekanand/.m2/repository/net/bytebuddy/byte-buddy/1.14.14/byte-buddy-1.14.14.jar:/Users/abhishekanand/.m2/repository/org/seleniumhq/selenium/selenium-os/4.20.0/selenium-os-4.20.0.jar:/Users/abhishekanand/.m2/repository/org/apache/commons/commons-exec/1.4.0/commons-exec-1.4.0.jar:/Users/abhishekanand/.m2/repository/org/seleniumhq/selenium/selenium-safari-driver/4.20.0/selenium-safari-driver-4.20.0.jar:/Users/abhishekanand/.m2/repository/org/seleniumhq/selenium/selenium-support/4.20.0/selenium-support-4.20.0.jar:/Users/abhishekanand/.m2/repository/commons-io/commons-io/2.16.1/commons-io-2.16.1.jar:/Users/abhishekanand/.m2/repository/com/aventstack/extentreports/5.1.1/extentreports-5.1.1.jar:/Users/abhishekanand/.m2/repository/io/reactivex/rxjava3/rxjava/3.1.6/rxjava-3.1.6.jar:/Users/abhishekanand/.m2/repository/org/reactivestreams/reactive-streams/1.0.4/reactive-streams-1.0.4.jar:/Users/abhishekanand/.m2/repository/org/freemarker/freemarker/2.3.32/freemarker-2.3.32.jar:/Users/abhishekanand/.m2/repository/org/projectlombok/lombok/1.18.26/lombok-1.18.26.jar:/Users/abhishekanand/.m2/repository/com/google/code/gson/gson/2.10.1/gson-2.10.1.jar:/Users/abhishekanand/.m2/repository/io/cucumber/cucumber-java/7.17.0/cucumber-java-7.17.0.jar:/Users/abhishekanand/.m2/repository/io/cucumber/cucumber-core/7.17.0/cucumber-core-7.17.0.jar:/Users/abhishekanand/.m2/repository/io/cucumber/cucumber-gherkin/7.17.0/cucumber-gherkin-7.17.0.jar:/Users/abhishekanand/.m2/repository/io/cucumber/cucumber-gherkin-messages/7.17.0/cucumber-gherkin-messages-7.17.0.jar:/Users/abhishekanand/.m2/repository/io/cucumber/gherkin/28.0.0/gherkin-28.0.0.jar:/Users/abhishekanand/.m2/repository/io/cucumber/messages/24.1.0/messages-24.1.0.jar:/Users/abhishekanand/.m2/repository/io/cucumber/testng-xml-formatter/0.1.0/testng-xml-formatter-0.1.0.jar:/Users/abhishekanand/.m2/repository/io/cucumber/query/12.1.2/query-12.1.2.jar:/Users/abhishekanand/.m2/repository/io/cucumber/tag-expressions/6.1.0/tag-expressions-6.1.0.jar:/Users/abhishekanand/.m2/repository/io/cucumber/cucumber-expressions/17.1.0/cucumber-expressions-17.1.0.jar:/Users/abhishekanand/.m2/repository/io/cucumber/datatable/7.17.0/datatable-7.17.0.jar:/Users/abhishekanand/.m2/repository/io/cucumber/cucumber-plugin/7.17.0/cucumber-plugin-7.17.0.jar:/Users/abhishekanand/.m2/repository/io/cucumber/docstring/7.17.0/docstring-7.17.0.jar:/Users/abhishekanand/.m2/repository/io/cucumber/html-formatter/21.3.1/html-formatter-21.3.1.jar:/Users/abhishekanand/.m2/repository/io/cucumber/junit-xml-formatter/0.4.0/junit-xml-formatter-0.4.0.jar:/Users/abhishekanand/.m2/repository/io/cucumber/ci-environment/10.0.1/ci-environment-10.0.1.jar:/Users/abhishekanand/.m2/repository/org/apiguardian/apiguardian-api/1.1.2/apiguardian-api-1.1.2.jar:/Users/abhishekanand/.m2/repository/io/cucumber/cucumber-testng/7.17.0/cucumber-testng-7.17.0.jar:/Users/abhishekanand/.m2/repository/org/testng/testng/7.10.1/testng-7.10.1.jar:/Users/abhishekanand/.m2/repository/org/slf4j/slf4j-api/1.7.36/slf4j-api-1.7.36.jar:/Users/abhishekanand/.m2/repository/com/beust/jcommander/1.82/jcommander-1.82.jar:/Users/abhishekanand/.m2/repository/org/webjars/jquery/3.7.1/jquery-3.7.1.jar:/Users/abhishekanand/.m2/repository/io/cucumber/cucumber-junit/7.17.0/cucumber-junit-7.17.0.jar:/Users/abhishekanand/.m2/repository/junit/junit/4.13.2/junit-4.13.2.jar:/Users/abhishekanand/.m2/repository/org/hamcrest/hamcrest-core/1.3/hamcrest-core-1.3.jar:/Users/abhishekanand/.m2/repository/io/cucumber/cucumber-picocontainer/7.17.0/cucumber-picocontainer-7.17.0.jar:/Users/abhishekanand/.m2/repository/org/picocontainer/picocontainer/2.15/picocontainer-2.15.jar:/Users/abhishekanand/.m2/repository/tech/grasshopper/extentreports-cucumber7-adapter/1.14.0/extentreports-cucumber7-adapter-1.14.0.jar:/Users/abhishekanand/.m2/repository/tech/grasshopper/extent-pdf-report/2.12.0/extent-pdf-report-2.12.0.jar:/Users/abhishekanand/.m2/repository/tech/grasshopper/cucumber-pdf-report/2.14.0/cucumber-pdf-report-2.14.0.jar:/Users/abhishekanand/.m2/repository/org/apache/pdfbox/pdfbox/2.0.26/pdfbox-2.0.26.jar:/Users/abhishekanand/.m2/repository/org/apache/pdfbox/fontbox/2.0.26/fontbox-2.0.26.jar:/Users/abhishekanand/.m2/repository/org/knowm/xchart/xchart/3.8.0/xchart-3.8.0.jar:/Users/abhishekanand/.m2/repository/de/erichseifert/vectorgraphics2d/VectorGraphics2D/0.13/VectorGraphics2D-0.13.jar:/Users/abhishekanand/.m2/repository/de/rototor/pdfbox/graphics2d/0.30/graphics2d-0.30.jar:/Users/abhishekanand/.m2/repository/com/madgag/animated-gif-lib/1.4/animated-gif-lib-1.4.jar:/Users/abhishekanand/.m2/repository/org/yaml/snakeyaml/2.0/snakeyaml-2.0.jar:/Users/abhishekanand/.m2/repository/tech/grasshopper/table-layout/1.5.1/table-layout-1.5.1.jar:/Users/abhishekanand/.m2/repository/tech/grasshopper/rest-assured-cucumber-pdf-report/1.5.0/rest-assured-cucumber-pdf-report-1.5.0.jar:/Users/abhishekanand/.m2/repository/org/jsoup/jsoup/1.15.3/jsoup-1.15.3.jar:/Users/abhishekanand/.m2/repository/com/aventstack/klov-reporter/5.1.0/klov-reporter-5.1.0.jar:/Users/abhishekanand/.m2/repository/org/mongodb/mongodb-driver/3.6.4/mongodb-driver-3.6.4.jar:/Users/abhishekanand/.m2/repository/org/mongodb/mongodb-driver-core/3.6.4/mongodb-driver-core-3.6.4.jar:/Users/abhishekanand/.m2/repository/org/mongodb/bson/3.6.4/bson-3.6.4.jar:/Users/abhishekanand/.m2/repository/org/apache/httpcomponents/httpclient/4.5.13/httpclient-4.5.13.jar:/Users/abhishekanand/.m2/repository/org/apache/httpcomponents/httpcore/4.4.13/httpcore-4.4.13.jar:/Users/abhishekanand/.m2/repository/commons-logging/commons-logging/1.2/commons-logging-1.2.jar:/Users/abhishekanand/.m2/repository/commons-codec/commons-codec/1.11/commons-codec-1.11.jar:/Users/abhishekanand/.m2/repository/org/apache/httpcomponents/httpmime/4.5.13/httpmime-4.5.13.jar:/Users/abhishekanand/.m2/repository/tech/grasshopper/htmlextentreporter/1.1.0/htmlextentreporter-1.1.0.jar:/Users/abhishekanand/.m2/repository/tech/grasshopper/extent-excel-report/1.4.0/extent-excel-report-1.4.0.jar:/Users/abhishekanand/.m2/repository/org/apache/poi/poi/5.2.3/poi-5.2.3.jar:/Users/abhishekanand/.m2/repository/org/apache/commons/commons-collections4/4.4/commons-collections4-4.4.jar:/Users/abhishekanand/.m2/repository/org/apache/commons/commons-math3/3.6.1/commons-math3-3.6.1.jar:/Users/abhishekanand/.m2/repository/com/zaxxer/SparseBitSet/1.2/SparseBitSet-1.2.jar:/Users/abhishekanand/.m2/repository/org/apache/logging/log4j/log4j-api/2.18.0/log4j-api-2.18.0.jar:/Users/abhishekanand/.m2/repository/org/apache/poi/poi-ooxml/5.2.3/poi-ooxml-5.2.3.jar:/Users/abhishekanand/.m2/repository/org/apache/poi/poi-ooxml-lite/5.2.3/poi-ooxml-lite-5.2.3.jar:/Users/abhishekanand/.m2/repository/org/apache/xmlbeans/xmlbeans/5.1.1/xmlbeans-5.1.1.jar:/Users/abhishekanand/.m2/repository/org/apache/commons/commons-compress/1.21/commons-compress-1.21.jar:/Users/abhishekanand/.m2/repository/com/github/virtuald/curvesapi/1.07/curvesapi-1.07.jar:"/>
    <property name="sun.cpu.endian" value="little"/>
    <property name="user.home" value="/Users/abhishekanand"/>
    <property name="user.language" value="en"/>
    <property name="java.specification.vendor" value="Oracle Corporation"/>
    <property name="java.version.date" value="2024-01-16"/>
    <property name="java.home" value="/Library/Java/JavaVirtualMachines/jdk-21.jdk/Contents/Home"/>
    <property name="file.separator" value="/"/>
    <property name="basedir" value="/Users/abhishekanand/eclipse-workspace/Automation"/>
    <property name="java.vm.compressedOopsMode" value="Zero based"/>
    <property name="line.separator" value="&#10;"/>
    <property name="java.vm.specification.vendor" value="Oracle Corporation"/>
    <property name="java.specification.name" value="Java Platform API Specification"/>
    <property name="apple.awt.application.name" value="ForkedBooter"/>
    <property name="surefire.real.class.path" value="/Users/abhishekanand/eclipse-workspace/Automation/target/surefire/surefirebooter-20240514182821556_3.jar"/>
    <property name="sun.management.compiler" value="HotSpot 64-Bit Tiered Compilers"/>
    <property name="ftp.nonProxyHosts" value="local|*.local|169.254/16|*.169.254/16"/>
    <property name="java.runtime.version" value="21.0.2+13-LTS-58"/>
    <property name="user.name" value="abhishekanand"/>
    <property name="stdout.encoding" value="UTF-8"/>
    <property name="path.separator" value=":"/>
    <property name="os.version" value="14.4.1"/>
    <property name="java.runtime.name" value="Java(TM) SE Runtime Environment"/>
    <property name="file.encoding" value="UTF-8"/>
    <property name="java.vm.name" value="Java HotSpot(TM) 64-Bit Server VM"/>
    <property name="localRepository" value="/Users/abhishekanand/.m2/repository"/>
    <property name="java.vendor.url.bug" value="https://bugreport.java.com/bugreport/"/>
    <property name="java.io.tmpdir" value="/var/folders/y9/jv5x0s853hb6m_2961ynnz5h0000gn/T/"/>
    <property name="java.version" value="21.0.2"/>
    <property name="user.dir" value="/Users/abhishekanand/eclipse-workspace/Automation"/>
    <property name="os.arch" value="aarch64"/>
    <property name="java.vm.specification.name" value="Java Virtual Machine Specification"/>
    <property name="native.encoding" value="UTF-8"/>
    <property name="java.library.path" value="/Users/abhishekanand/Library/Java/Extensions:/Library/Java/Extensions:/Network/Library/Java/Extensions:/System/Library/Java/Extensions:/usr/lib/java:."/>
    <property name="java.vm.info" value="mixed mode, sharing"/>
    <property name="stderr.encoding" value="UTF-8"/>
    <property name="java.vendor" value="Oracle Corporation"/>
    <property name="java.vm.version" value="21.0.2+13-LTS-58"/>
    <property name="sun.io.unicode.encoding" value="UnicodeBig"/>
    <property name="socksNonProxyHosts" value="local|*.local|169.254/16|*.169.254/16"/>
    <property name="java.class.version" value="65.0"/>
  </properties>
  <testcase name="runScenario[&quot;Verify Login Page with valid credentials&quot;, &quot;Verify login functionality&quot;](1)" classname="testRunner.TestNGTestRunner" time="9.459">
    <system-out><![CDATA[
@Regression
Scenario Outline: Verify Login Page with valid credentials # src/test/java/featureFiles/Login.feature:16

@Regression
Scenario Outline: Verify Login Page with valid credentials # src/test/java/featureFiles/Login.feature:14

@Regression
Scenario Outline: Verify Login Page with valid credentials # src/test/java/featureFiles/Login.feature:18

@Regression
Scenario Outline: Verify Login Page with valid credentials # src/test/java/featureFiles/Login.feature:19

@Regression
Scenario Outline: Verify Login Page with valid credentials          # src/test/java/featureFiles/Login.feature:17

@Smoke
Scenario: Verify Login Page with valid credentials # src/test/java/featureFiles/DataTables.feature:4

@Regression
Scenario Outline: Verify Login Page with valid credentials  # src/test/java/featureFiles/Login.feature:15
URL form prop file is: https://www.saucedemo.com
URL form prop file is: https://www.saucedemo.com
URL form prop file is: https://www.saucedemo.com
URL form prop file is: https://www.saucedemo.com
URL form prop file is: https://www.saucedemo.com
URL form prop file is: https://www.saucedemo.com
  Given User navigate to the URL using prop file           # stepDefinitions.Login_StepDef.user_navigate_to_the_url_using_prop_file()
  Given User navigate to the URL using prop file           # stepDefinitions.Login_StepDef.user_navigate_to_the_url_using_prop_file()
  Given User navigate to the URL using prop file                    # stepDefinitions.Login_StepDef.user_navigate_to_the_url_using_prop_file()
  Given User navigate to the URL using prop file           # stepDefinitions.Login_StepDef.user_navigate_to_the_url_using_prop_file()
  Given User navigate to the URL using prop file            # stepDefinitions.Login_StepDef.user_navigate_to_the_url_using_prop_file()
  Given User navigate to the URL                   # stepDefinitions.DataTables_StepDef.user_navigate_to_the_url(io.cucumber.datatable.DataTable)
    | https://www.saucedemo.com |
  Given User navigate to the URL using prop file           # stepDefinitions.Login_StepDef.user_navigate_to_the_url_using_prop_file()
  When User submit the "visual_user" and "secret_sauce"    # stepDefinitions.Login_StepDef.user_enters_the_and(java.lang.String,java.lang.String)
  Then User should login successfully                      # stepDefinitions.Login_StepDef.user_should_login_successfully()
  And User validate the home page "Swag Labs"              # stepDefinitions.Login_StepDef.user_validate_the_home_page(java.lang.String)
  When User submit the "locked_out_user" and "secret_sauce" # stepDefinitions.Login_StepDef.user_enters_the_and(java.lang.String,java.lang.String)
  Then User should login successfully                       # stepDefinitions.Login_StepDef.user_should_login_successfully()
  And User validate the home page "Swag Labs"               # stepDefinitions.Login_StepDef.user_validate_the_home_page(java.lang.String)
  When User submit the "standard_user" and "secret_sauce"  # stepDefinitions.Login_StepDef.user_enters_the_and(java.lang.String,java.lang.String)
  When User sign in to the application             # stepDefinitions.DataTables_StepDef.user_sign_in_to_the_application(io.cucumber.datatable.DataTable)
    | standard_user | secret_sauce |
  Then User should login successfully                      # stepDefinitions.Login_StepDef.user_should_login_successfully()
  And User validate the home page "Swag Labs"              # stepDefinitions.Login_StepDef.user_validate_the_home_page(java.lang.String)
  Then User should login successfully              # stepDefinitions.Login_StepDef.user_should_login_successfully()
  And User validate the home page                  # stepDefinitions.DataTables_StepDef.user_validate_the_home_page(io.cucumber.datatable.DataTable)
    | Swag Labs |
  When User submit the "problem_user" and "secret_sauce"   # stepDefinitions.Login_StepDef.user_enters_the_and(java.lang.String,java.lang.String)
  Then User should login successfully                      # stepDefinitions.Login_StepDef.user_should_login_successfully()
  And User validate the home page "Swag Labs"              # stepDefinitions.Login_StepDef.user_validate_the_home_page(java.lang.String)
  When User submit the "error_user" and "secret_sauce"     # stepDefinitions.Login_StepDef.user_enters_the_and(java.lang.String,java.lang.String)
  Then User should login successfully                      # stepDefinitions.Login_StepDef.user_should_login_successfully()
  And User validate the home page "Swag Labs"              # stepDefinitions.Login_StepDef.user_validate_the_home_page(java.lang.String)
  When User logout from the application                    # stepDefinitions.Login_StepDef.user_logout_from_the_application()
  When User logout from the application                    # stepDefinitions.Login_StepDef.user_logout_from_the_application()
  When User logout from the application            # stepDefinitions.Login_StepDef.user_logout_from_the_application()
  When User logout from the application                    # stepDefinitions.Login_StepDef.user_logout_from_the_application()
  When User logout from the application                    # stepDefinitions.Login_StepDef.user_logout_from_the_application()
]]></system-out>
    <system-err><![CDATA[SLF4J: Failed to load class "org.slf4j.impl.StaticLoggerBinder".
SLF4J: Defaulting to no-operation (NOP) logger implementation
SLF4J: See http://www.slf4j.org/codes.html#StaticLoggerBinder for further details.
]]></system-err>
  </testcase>
  <testcase name="runScenario[&quot;Verify Login Page with valid credentials&quot;, &quot;Verify login functionality&quot;](2)" classname="testRunner.TestNGTestRunner" time="9.465"/>
  <testcase name="runScenario[&quot;Verify Login Page with valid credentials&quot;, &quot;Verify login functionality&quot;](3)" classname="testRunner.TestNGTestRunner" time="9.506"/>
  <testcase name="runScenario[&quot;Verify Login Page with valid credentials&quot;, &quot;Verify login functionality using Datatables&quot;](4)" classname="testRunner.TestNGTestRunner" time="9.512"/>
  <testcase name="runScenario[&quot;Verify Login Page with valid credentials&quot;, &quot;Verify login functionality&quot;](5)" classname="testRunner.TestNGTestRunner" time="9.52"/>
  <testcase name="runScenario[&quot;Verify Login Page with valid credentials&quot;, &quot;Verify login functionality&quot;](6)" classname="testRunner.TestNGTestRunner" time="13.877">
    <system-out><![CDATA[  When User submit the "performance_glitch_user" and "secret_sauce" # stepDefinitions.Login_StepDef.user_enters_the_and(java.lang.String,java.lang.String)
  Then User should login successfully                               # stepDefinitions.Login_StepDef.user_should_login_successfully()
  And User validate the home page "Swag Labs"                       # stepDefinitions.Login_StepDef.user_validate_the_home_page(java.lang.String)
  When User logout from the application                             # stepDefinitions.Login_StepDef.user_logout_from_the_application()
]]></system-out>
  </testcase>
  <testcase name="runScenario[&quot;Verify Login Page with valid credentials&quot;, &quot;Verify login functionality&quot;](7)" classname="testRunner.TestNGTestRunner" time="28.508">
    <failure message="Cannot invoke &quot;org.openqa.selenium.WebDriver.getClass()&quot; because &quot;exceptionDriver&quot; is null" type="java.lang.NullPointerException"><![CDATA[java.lang.NullPointerException: Cannot invoke "org.openqa.selenium.WebDriver.getClass()" because "exceptionDriver" is null
	at org.openqa.selenium.support.ui.WebDriverWait.timeoutException(WebDriverWait.java:85)
	at org.openqa.selenium.support.ui.FluentWait.until(FluentWait.java:228)
	at pages.BasePage.waitforVisibilityOfElement(BasePage.java:47)
	at pages.Home_Page.logout(Home_Page.java:39)
	at stepDefinitions.Login_StepDef.user_logout_from_the_application(Login_StepDef.java:56)
	at ✽.User logout from the application(file:///Users/abhishekanand/eclipse-workspace/Automation/src/test/java/featureFiles/Login.feature:10)
]]></failure>
    <system-out><![CDATA[  When User logout from the application                     # stepDefinitions.Login_StepDef.user_logout_from_the_application()
      java.lang.NullPointerException: Cannot invoke "org.openqa.selenium.WebDriver.getClass()" because "exceptionDriver" is null
	at org.openqa.selenium.support.ui.WebDriverWait.timeoutException(WebDriverWait.java:85)
	at org.openqa.selenium.support.ui.FluentWait.until(FluentWait.java:228)
	at pages.BasePage.waitforVisibilityOfElement(BasePage.java:47)
	at pages.Home_Page.logout(Home_Page.java:39)
	at stepDefinitions.Login_StepDef.user_logout_from_the_application(Login_StepDef.java:56)
	at ✽.User logout from the application(file:///Users/abhishekanand/eclipse-workspace/Automation/src/test/java/featureFiles/Login.feature:10)


    Embedding FailedScreen [image/png 179583 bytes]

]]></system-out>
  </testcase>
</testsuite>