<?xml version="1.0" encoding="UTF-8"?>
<!-- Generated by org.testng.reporters.JUnitReportReporter -->
<testsuite hostname="ABHISHEKs-MacBook-Air.local" failures="0" tests="1" name="testRunner.Runner" time="0.364" errors="0" timestamp="2024-05-11T11:02:33 IST" skipped="0">
  <testcase classname="testRunner.Runner" name="runScenario" time="0.364"/>
</testsuite> <!-- testRunner.Runner -->
